<?xml version="1.0" encoding="UTF-8"?>
<testng-results skipped="0" failed="0" total="1" passed="1">
  <reporter-output>
  </reporter-output>
  <suite name="Default suite" duration-ms="71696" started-at="2015-08-09T17:00:15Z" finished-at="2015-08-09T17:01:26Z">
    <groups>
    </groups>
    <test name="Default test" duration-ms="71696" started-at="2015-08-09T17:00:15Z" finished-at="2015-08-09T17:01:26Z">
      <class name="testWeb.RunTestSuites">
        <test-method status="PASS" signature="ExecutionTestCase()[pri:0, instance:testWeb.RunTestSuites@100f35bd]" name="ExecutionTestCase" duration-ms="71633" started-at="2015-08-09T13:00:15Z" finished-at="2015-08-09T13:01:26Z">
          <reporter-output>
          </reporter-output>
        </test-method> <!-- ExecutionTestCase -->
      </class> <!-- testWeb.RunTestSuites -->
    </test> <!-- Default test -->
  </suite> <!-- Default suite -->
</testng-results>
